2023-03-17 13:09:24,462 - elsapy.elsclient - INFO - Module loaded.
2023-03-17 13:09:49,283 - elsapy.elsentity - INFO - Module loaded.
2023-03-17 13:09:49,284 - elsapy.utils - INFO - Module loaded.
2023-03-17 13:09:49,285 - elsapy.elsprofile - INFO - Module loaded.
2023-03-17 13:09:49,286 - elsapy.elsdoc - INFO - Module loaded.
2023-03-17 13:09:49,287 - elsapy.elssearch - INFO - Module loaded.
2023-03-17 13:09:49,287 - elsapy.elsclient - INFO - Sending GET request to https://api.elsevier.com/content/search/scopus?query=AFFIL%28dartmouth%29+AND+AUTHOR-NAME%28lewis%29+AND+PUBYEAR+%3E+2011
2023-03-17 13:09:52,584 - elsapy.elsclient - INFO - Sending GET request to https://api.elsevier.com/content/search/scopus?start=25&count=25&query=AFFIL%28dartmouth%29+AND+AUTHOR-NAME%28lewis%29+AND+PUBYEAR+%3E+2011
2023-03-17 13:09:55,261 - elsapy.elsclient - INFO - Sending GET request to https://api.elsevier.com/content/search/scopus?start=50&count=25&query=AFFIL%28dartmouth%29+AND+AUTHOR-NAME%28lewis%29+AND+PUBYEAR+%3E+2011
2023-03-17 13:09:57,866 - elsapy.elsclient - INFO - Sending GET request to https://api.elsevier.com/content/search/scopus?start=75&count=25&query=AFFIL%28dartmouth%29+AND+AUTHOR-NAME%28lewis%29+AND+PUBYEAR+%3E+2011
2023-03-17 13:10:01,446 - elsapy.elsclient - INFO - Sending GET request to https://api.elsevier.com/content/search/scopus?start=100&count=25&query=AFFIL%28dartmouth%29+AND+AUTHOR-NAME%28lewis%29+AND+PUBYEAR+%3E+2011
2023-03-17 13:10:04,650 - elsapy.elsclient - INFO - Sending GET request to https://api.elsevier.com/content/search/scopus?start=125&count=25&query=AFFIL%28dartmouth%29+AND+AUTHOR-NAME%28lewis%29+AND+PUBYEAR+%3E+2011
2023-03-17 13:10:06,837 - elsapy.elsclient - INFO - Sending GET request to https://api.elsevier.com/content/search/scopus?start=150&count=25&query=AFFIL%28dartmouth%29+AND+AUTHOR-NAME%28lewis%29+AND+PUBYEAR+%3E+2011
2023-03-17 13:10:09,274 - elsapy.elsclient - INFO - Sending GET request to https://api.elsevier.com/content/search/scopus?start=175&count=25&query=AFFIL%28dartmouth%29+AND+AUTHOR-NAME%28lewis%29+AND+PUBYEAR+%3E+2011
2023-03-17 13:10:12,138 - elsapy.elsclient - INFO - Sending GET request to https://api.elsevier.com/content/search/scopus?start=200&count=25&query=AFFIL%28dartmouth%29+AND+AUTHOR-NAME%28lewis%29+AND+PUBYEAR+%3E+2011
2023-03-17 13:10:14,480 - elsapy.elsclient - INFO - Sending GET request to https://api.elsevier.com/content/search/scopus?start=225&count=25&query=AFFIL%28dartmouth%29+AND+AUTHOR-NAME%28lewis%29+AND+PUBYEAR+%3E+2011
2023-03-17 13:10:16,476 - elsapy.elsclient - INFO - Sending GET request to https://api.elsevier.com/content/search/scopus?start=250&count=25&query=AFFIL%28dartmouth%29+AND+AUTHOR-NAME%28lewis%29+AND+PUBYEAR+%3E+2011
2023-03-17 13:10:19,190 - elsapy.elsclient - INFO - Sending GET request to https://api.elsevier.com/content/search/scopus?start=275&count=25&query=AFFIL%28dartmouth%29+AND+AUTHOR-NAME%28lewis%29+AND+PUBYEAR+%3E+2011
2023-03-17 13:10:22,103 - elsapy.elsclient - INFO - Sending GET request to https://api.elsevier.com/content/search/scopus?start=300&count=25&query=AFFIL%28dartmouth%29+AND+AUTHOR-NAME%28lewis%29+AND+PUBYEAR+%3E+2011
2023-03-17 13:10:24,199 - elsapy.elsclient - INFO - Sending GET request to https://api.elsevier.com/content/search/scopus?start=325&count=25&query=AFFIL%28dartmouth%29+AND+AUTHOR-NAME%28lewis%29+AND+PUBYEAR+%3E+2011
2023-03-17 13:10:26,226 - elsapy.elsclient - INFO - Sending GET request to https://api.elsevier.com/content/search/scopus?start=350&count=25&query=AFFIL%28dartmouth%29+AND+AUTHOR-NAME%28lewis%29+AND+PUBYEAR+%3E+2011
2023-03-17 13:10:29,219 - elsapy.elsclient - INFO - Sending GET request to https://api.elsevier.com/content/search/scopus?start=375&count=25&query=AFFIL%28dartmouth%29+AND+AUTHOR-NAME%28lewis%29+AND+PUBYEAR+%3E+2011
2023-03-17 13:10:30,171 - elsapy.utils - INFO - Converting prism:coverDate
2023-03-17 13:35:42,130 - elsapy.elsclient - INFO - Sending GET request to https://api.elsevier.com/content/search/scopus?query=TITLE-ABS-KEY%28%22COVID-19%22+OR+%22SARS-CoV-2%22+OR+%22coronavirus%22%29+AND+TITLE-ABS-KEY%28%22forecast%2A%22+OR+%22prediction%22+OR+%22prognosis%22+OR+%22modeling%22%29
2023-03-17 13:35:45,379 - elsapy.elsclient - INFO - Sending GET request to https://api.elsevier.com/content/search/scopus?start=25&count=25&query=TITLE-ABS-KEY%28%22COVID-19%22+OR+%22SARS-CoV-2%22+OR+%22coronavirus%22%29+AND+TITLE-ABS-KEY%28%22forecast*%22+OR+%22prediction%22+OR+%22prognosis%22+OR+%22modeling%22%29
2023-03-17 13:35:48,620 - elsapy.elsclient - INFO - Sending GET request to https://api.elsevier.com/content/search/scopus?start=50&count=25&query=TITLE-ABS-KEY%28%22COVID-19%22+OR+%22SARS-CoV-2%22+OR+%22coronavirus%22%29+AND+TITLE-ABS-KEY%28%22forecast*%22+OR+%22prediction%22+OR+%22prognosis%22+OR+%22modeling%22%29
2023-03-17 13:35:51,692 - elsapy.elsclient - INFO - Sending GET request to https://api.elsevier.com/content/search/scopus?start=75&count=25&query=TITLE-ABS-KEY%28%22COVID-19%22+OR+%22SARS-CoV-2%22+OR+%22coronavirus%22%29+AND+TITLE-ABS-KEY%28%22forecast*%22+OR+%22prediction%22+OR+%22prognosis%22+OR+%22modeling%22%29
2023-03-17 13:35:53,802 - elsapy.elsclient - INFO - Sending GET request to https://api.elsevier.com/content/search/scopus?start=100&count=25&query=TITLE-ABS-KEY%28%22COVID-19%22+OR+%22SARS-CoV-2%22+OR+%22coronavirus%22%29+AND+TITLE-ABS-KEY%28%22forecast*%22+OR+%22prediction%22+OR+%22prognosis%22+OR+%22modeling%22%29
2023-03-17 13:35:57,012 - elsapy.elsclient - INFO - Sending GET request to https://api.elsevier.com/content/search/scopus?start=125&count=25&query=TITLE-ABS-KEY%28%22COVID-19%22+OR+%22SARS-CoV-2%22+OR+%22coronavirus%22%29+AND+TITLE-ABS-KEY%28%22forecast*%22+OR+%22prediction%22+OR+%22prognosis%22+OR+%22modeling%22%29
2023-03-17 13:35:59,288 - elsapy.elsclient - INFO - Sending GET request to https://api.elsevier.com/content/search/scopus?start=150&count=25&query=TITLE-ABS-KEY%28%22COVID-19%22+OR+%22SARS-CoV-2%22+OR+%22coronavirus%22%29+AND+TITLE-ABS-KEY%28%22forecast*%22+OR+%22prediction%22+OR+%22prognosis%22+OR+%22modeling%22%29
2023-03-17 13:36:02,652 - elsapy.elsclient - INFO - Sending GET request to https://api.elsevier.com/content/search/scopus?start=175&count=25&query=TITLE-ABS-KEY%28%22COVID-19%22+OR+%22SARS-CoV-2%22+OR+%22coronavirus%22%29+AND+TITLE-ABS-KEY%28%22forecast*%22+OR+%22prediction%22+OR+%22prognosis%22+OR+%22modeling%22%29
2023-03-17 13:36:05,200 - elsapy.elsclient - INFO - Sending GET request to https://api.elsevier.com/content/search/scopus?start=200&count=25&query=TITLE-ABS-KEY%28%22COVID-19%22+OR+%22SARS-CoV-2%22+OR+%22coronavirus%22%29+AND+TITLE-ABS-KEY%28%22forecast*%22+OR+%22prediction%22+OR+%22prognosis%22+OR+%22modeling%22%29
2023-03-17 13:36:07,719 - elsapy.elsclient - INFO - Sending GET request to https://api.elsevier.com/content/search/scopus?start=225&count=25&query=TITLE-ABS-KEY%28%22COVID-19%22+OR+%22SARS-CoV-2%22+OR+%22coronavirus%22%29+AND+TITLE-ABS-KEY%28%22forecast*%22+OR+%22prediction%22+OR+%22prognosis%22+OR+%22modeling%22%29
2023-03-17 13:36:11,080 - elsapy.elsclient - INFO - Sending GET request to https://api.elsevier.com/content/search/scopus?start=250&count=25&query=TITLE-ABS-KEY%28%22COVID-19%22+OR+%22SARS-CoV-2%22+OR+%22coronavirus%22%29+AND+TITLE-ABS-KEY%28%22forecast*%22+OR+%22prediction%22+OR+%22prognosis%22+OR+%22modeling%22%29
2023-03-17 13:36:14,324 - elsapy.elsclient - INFO - Sending GET request to https://api.elsevier.com/content/search/scopus?start=275&count=25&query=TITLE-ABS-KEY%28%22COVID-19%22+OR+%22SARS-CoV-2%22+OR+%22coronavirus%22%29+AND+TITLE-ABS-KEY%28%22forecast*%22+OR+%22prediction%22+OR+%22prognosis%22+OR+%22modeling%22%29
2023-03-17 13:36:16,655 - elsapy.elsclient - INFO - Sending GET request to https://api.elsevier.com/content/search/scopus?start=300&count=25&query=TITLE-ABS-KEY%28%22COVID-19%22+OR+%22SARS-CoV-2%22+OR+%22coronavirus%22%29+AND+TITLE-ABS-KEY%28%22forecast*%22+OR+%22prediction%22+OR+%22prognosis%22+OR+%22modeling%22%29
